1505411453.527126 client started (76843): version 2.5, socket /private/tmp/tmux-715949611/default, protocol 8
1505411453.527157 on Darwin 16.7.0 Darwin Kernel Version 16.7.0: Thu Jun 15 17:36:27 PDT 2017; root:xnu-3789.70.16~2/RELEASE_X86_64; libevent 2.1.8-stable (select)
1505411453.527191 socket is /private/tmp/tmux-715949611/default
1505411453.527204 trying connect
1505411453.527274 add peer 0x7f859e801000: 6 (0x0)
1505411453.528315 sending message 100 to peer 0x7f859e801000 (4 bytes)
1505411453.528332 sending message 101 to peer 0x7f859e801000 (15 bytes)
1505411453.528336 sending message 102 to peer 0x7f859e801000 (13 bytes)
1505411453.528339 sending message 108 to peer 0x7f859e801000 (24 bytes)
1505411453.528349 sending message 104 to peer 0x7f859e801000 (0 bytes)
1505411453.528353 sending message 107 to peer 0x7f859e801000 (4 bytes)
1505411453.528356 sending message 105 to peer 0x7f859e801000 (19 bytes)
1505411453.528359 sending message 105 to peer 0x7f859e801000 (20 bytes)
1505411453.528362 sending message 105 to peer 0x7f859e801000 (17 bytes)
1505411453.528366 sending message 105 to peer 0x7f859e801000 (14 bytes)
1505411453.528369 sending message 105 to peer 0x7f859e801000 (50 bytes)
1505411453.528372 sending message 105 to peer 0x7f859e801000 (23 bytes)
1505411453.528375 sending message 105 to peer 0x7f859e801000 (75 bytes)
1505411453.528378 sending message 105 to peer 0x7f859e801000 (36 bytes)
1505411453.528381 sending message 105 to peer 0x7f859e801000 (39 bytes)
1505411453.528385 sending message 105 to peer 0x7f859e801000 (60 bytes)
1505411453.528388 sending message 105 to peer 0x7f859e801000 (22 bytes)
1505411453.528391 sending message 105 to peer 0x7f859e801000 (11 bytes)
1505411453.528394 sending message 105 to peer 0x7f859e801000 (28 bytes)
1505411453.528397 sending message 105 to peer 0x7f859e801000 (24 bytes)
1505411453.528400 sending message 105 to peer 0x7f859e801000 (20 bytes)
1505411453.528403 sending message 105 to peer 0x7f859e801000 (44 bytes)
1505411453.528406 sending message 105 to peer 0x7f859e801000 (43 bytes)
1505411453.528409 sending message 105 to peer 0x7f859e801000 (61 bytes)
1505411453.528413 sending message 105 to peer 0x7f859e801000 (15 bytes)
1505411453.528416 sending message 105 to peer 0x7f859e801000 (66 bytes)
1505411453.528419 sending message 105 to peer 0x7f859e801000 (12 bytes)
1505411453.528422 sending message 105 to peer 0x7f859e801000 (28 bytes)
1505411453.528425 sending message 105 to peer 0x7f859e801000 (22 bytes)
1505411453.528428 sending message 105 to peer 0x7f859e801000 (17 bytes)
1505411453.528431 sending message 105 to peer 0x7f859e801000 (19 bytes)
1505411453.528434 sending message 105 to peer 0x7f859e801000 (17 bytes)
1505411453.528437 sending message 105 to peer 0x7f859e801000 (23 bytes)
1505411453.528440 sending message 105 to peer 0x7f859e801000 (33 bytes)
1505411453.528443 sending message 105 to peer 0x7f859e801000 (49 bytes)
1505411453.528447 sending message 105 to peer 0x7f859e801000 (76 bytes)
1505411453.528450 sending message 105 to peer 0x7f859e801000 (22 bytes)
1505411453.528453 sending message 105 to peer 0x7f859e801000 (20 bytes)
1505411453.528456 sending message 105 to peer 0x7f859e801000 (86 bytes)
1505411453.528459 sending message 105 to peer 0x7f859e801000 (17 bytes)
1505411453.528466 sending message 105 to peer 0x7f859e801000 (57 bytes)
1505411453.528469 sending message 105 to peer 0x7f859e801000 (28 bytes)
1505411453.528472 sending message 105 to peer 0x7f859e801000 (19 bytes)
1505411453.528475 sending message 105 to peer 0x7f859e801000 (20 bytes)
1505411453.528478 sending message 105 to peer 0x7f859e801000 (26 bytes)
1505411453.528481 sending message 105 to peer 0x7f859e801000 (23 bytes)
1505411453.528485 sending message 105 to peer 0x7f859e801000 (24 bytes)
1505411453.528488 sending message 105 to peer 0x7f859e801000 (25 bytes)
1505411453.528491 sending message 105 to peer 0x7f859e801000 (44 bytes)
1505411453.528494 sending message 105 to peer 0x7f859e801000 (14 bytes)
1505411453.528497 sending message 105 to peer 0x7f859e801000 (8 bytes)
1505411453.528500 sending message 105 to peer 0x7f859e801000 (14 bytes)
1505411453.528512 sending message 105 to peer 0x7f859e801000 (40 bytes)
1505411453.528515 sending message 105 to peer 0x7f859e801000 (37 bytes)
1505411453.528518 sending message 105 to peer 0x7f859e801000 (56 bytes)
1505411453.528521 sending message 105 to peer 0x7f859e801000 (15 bytes)
1505411453.528525 sending message 105 to peer 0x7f859e801000 (50 bytes)
1505411453.528528 sending message 105 to peer 0x7f859e801000 (707 bytes)
1505411453.528531 sending message 105 to peer 0x7f859e801000 (179 bytes)
1505411453.528534 sending message 105 to peer 0x7f859e801000 (40 bytes)
1505411453.528537 sending message 105 to peer 0x7f859e801000 (15 bytes)
1505411453.528540 sending message 105 to peer 0x7f859e801000 (50 bytes)
1505411453.528544 sending message 105 to peer 0x7f859e801000 (19 bytes)
1505411453.528547 sending message 105 to peer 0x7f859e801000 (22 bytes)
1505411453.528550 sending message 105 to peer 0x7f859e801000 (17 bytes)
1505411453.528553 sending message 105 to peer 0x7f859e801000 (15 bytes)
1505411453.528556 sending message 106 to peer 0x7f859e801000 (0 bytes)
1505411453.528562 sending message 200 to peer 0x7f859e801000 (4 bytes)
1505411453.528568 client loop enter
1505411453.528816 peer 0x7f859e801000 message 211
1505411453.528836 peer 0x7f859e801000 message 203
1505411453.528840 client loop exit
