1513751130.534496 client started (27401): version 2.6, socket /private/tmp/tmux-501/default, protocol 8
1513751130.534532 on Darwin 17.3.0 Darwin Kernel Version 17.3.0: Thu Nov  9 18:09:22 PST 2017; root:xnu-4570.31.3~1/RELEASE_X86_64; libevent 2.1.8-stable (select)
1513751130.534578 socket is /private/tmp/tmux-501/default
1513751130.534594 trying connect
1513751130.534682 add peer 0x7fb5a7001000: 6 (0x0)
1513751130.536072 sending message 100 to peer 0x7fb5a7001000 (4 bytes)
1513751130.536090 sending message 101 to peer 0x7fb5a7001000 (15 bytes)
1513751130.536095 sending message 102 to peer 0x7fb5a7001000 (13 bytes)
1513751130.536098 sending message 108 to peer 0x7fb5a7001000 (31 bytes)
1513751130.536110 sending message 104 to peer 0x7fb5a7001000 (0 bytes)
1513751130.536114 sending message 107 to peer 0x7fb5a7001000 (4 bytes)
1513751130.536118 sending message 105 to peer 0x7fb5a7001000 (19 bytes)
1513751130.536122 sending message 105 to peer 0x7fb5a7001000 (20 bytes)
1513751130.536125 sending message 105 to peer 0x7fb5a7001000 (17 bytes)
1513751130.536129 sending message 105 to peer 0x7fb5a7001000 (14 bytes)
1513751130.536133 sending message 105 to peer 0x7fb5a7001000 (50 bytes)
1513751130.536136 sending message 105 to peer 0x7fb5a7001000 (23 bytes)
1513751130.536140 sending message 105 to peer 0x7fb5a7001000 (27 bytes)
1513751130.536144 sending message 105 to peer 0x7fb5a7001000 (75 bytes)
1513751130.536147 sending message 105 to peer 0x7fb5a7001000 (36 bytes)
1513751130.536151 sending message 105 to peer 0x7fb5a7001000 (39 bytes)
1513751130.536155 sending message 105 to peer 0x7fb5a7001000 (31 bytes)
1513751130.536158 sending message 105 to peer 0x7fb5a7001000 (60 bytes)
1513751130.536162 sending message 105 to peer 0x7fb5a7001000 (11 bytes)
1513751130.536165 sending message 105 to peer 0x7fb5a7001000 (28 bytes)
1513751130.536169 sending message 105 to peer 0x7fb5a7001000 (24 bytes)
1513751130.536173 sending message 105 to peer 0x7fb5a7001000 (20 bytes)
1513751130.536177 sending message 105 to peer 0x7fb5a7001000 (44 bytes)
1513751130.536180 sending message 105 to peer 0x7fb5a7001000 (38 bytes)
1513751130.536184 sending message 105 to peer 0x7fb5a7001000 (61 bytes)
1513751130.536187 sending message 105 to peer 0x7fb5a7001000 (15 bytes)
1513751130.536191 sending message 105 to peer 0x7fb5a7001000 (15 bytes)
1513751130.536195 sending message 105 to peer 0x7fb5a7001000 (66 bytes)
1513751130.536198 sending message 105 to peer 0x7fb5a7001000 (12 bytes)
1513751130.536210 sending message 105 to peer 0x7fb5a7001000 (35 bytes)
1513751130.536214 sending message 105 to peer 0x7fb5a7001000 (22 bytes)
1513751130.536218 sending message 105 to peer 0x7fb5a7001000 (17 bytes)
1513751130.536222 sending message 105 to peer 0x7fb5a7001000 (19 bytes)
1513751130.536226 sending message 105 to peer 0x7fb5a7001000 (17 bytes)
1513751130.536231 sending message 105 to peer 0x7fb5a7001000 (23 bytes)
1513751130.536235 sending message 105 to peer 0x7fb5a7001000 (34 bytes)
1513751130.536239 sending message 105 to peer 0x7fb5a7001000 (76 bytes)
1513751130.536243 sending message 105 to peer 0x7fb5a7001000 (49 bytes)
1513751130.536247 sending message 105 to peer 0x7fb5a7001000 (22 bytes)
1513751130.536251 sending message 105 to peer 0x7fb5a7001000 (20 bytes)
1513751130.536255 sending message 105 to peer 0x7fb5a7001000 (86 bytes)
1513751130.536259 sending message 105 to peer 0x7fb5a7001000 (17 bytes)
1513751130.536263 sending message 105 to peer 0x7fb5a7001000 (57 bytes)
1513751130.536267 sending message 105 to peer 0x7fb5a7001000 (28 bytes)
1513751130.536271 sending message 105 to peer 0x7fb5a7001000 (19 bytes)
1513751130.536275 sending message 105 to peer 0x7fb5a7001000 (20 bytes)
1513751130.536279 sending message 105 to peer 0x7fb5a7001000 (26 bytes)
1513751130.536284 sending message 105 to peer 0x7fb5a7001000 (23 bytes)
1513751130.536288 sending message 105 to peer 0x7fb5a7001000 (24 bytes)
1513751130.536292 sending message 105 to peer 0x7fb5a7001000 (25 bytes)
1513751130.536296 sending message 105 to peer 0x7fb5a7001000 (44 bytes)
1513751130.536300 sending message 105 to peer 0x7fb5a7001000 (8 bytes)
1513751130.536316 sending message 105 to peer 0x7fb5a7001000 (15 bytes)
1513751130.536320 sending message 105 to peer 0x7fb5a7001000 (28 bytes)
1513751130.536324 sending message 105 to peer 0x7fb5a7001000 (37 bytes)
1513751130.536328 sending message 105 to peer 0x7fb5a7001000 (56 bytes)
1513751130.536332 sending message 105 to peer 0x7fb5a7001000 (15 bytes)
1513751130.536336 sending message 105 to peer 0x7fb5a7001000 (50 bytes)
1513751130.536340 sending message 105 to peer 0x7fb5a7001000 (413 bytes)
1513751130.536345 sending message 105 to peer 0x7fb5a7001000 (157 bytes)
1513751130.536349 sending message 105 to peer 0x7fb5a7001000 (40 bytes)
1513751130.536353 sending message 105 to peer 0x7fb5a7001000 (15 bytes)
1513751130.536357 sending message 105 to peer 0x7fb5a7001000 (50 bytes)
1513751130.536361 sending message 105 to peer 0x7fb5a7001000 (19 bytes)
1513751130.536365 sending message 105 to peer 0x7fb5a7001000 (18 bytes)
1513751130.536369 sending message 105 to peer 0x7fb5a7001000 (22 bytes)
1513751130.536373 sending message 105 to peer 0x7fb5a7001000 (17 bytes)
1513751130.536377 sending message 105 to peer 0x7fb5a7001000 (15 bytes)
1513751130.536381 sending message 106 to peer 0x7fb5a7001000 (0 bytes)
1513751130.536389 sending message 200 to peer 0x7fb5a7001000 (4 bytes)
1513751130.536394 client loop enter
1513751130.537370 peer 0x7fb5a7001000 message 207
1513751130.537381 sending message 208 to peer 0x7fb5a7001000 (0 bytes)
1513751184.998345 peer 0x7fb5a7001000 message 203
1513751184.998359 sending message 205 to peer 0x7fb5a7001000 (0 bytes)
1513751185.004221 peer 0x7fb5a7001000 message 204
1513751185.004231 client loop exit
