1561490454.876070 client started (5099): version 2.9a, socket /tmp//tmux-715949611/default, protocol 8
1561490454.876117 on Darwin 18.6.0 Darwin Kernel Version 18.6.0: Thu Apr 25 23:16:27 PDT 2019; root:xnu-4903.261.4~2/RELEASE_X86_64; libevent 2.1.10-stable (select)
1561490454.876156 socket is /tmp//tmux-715949611/default
1561490454.876176 trying connect
1561490454.876261 add peer 0x10a69e000: 6 (0x0)
1561490454.879616 sending message 100 to peer 0x10a69e000 (4 bytes)
1561490454.879657 sending message 101 to peer 0x10a69e000 (15 bytes)
1561490454.879668 sending message 102 to peer 0x10a69e000 (13 bytes)
1561490454.879676 sending message 108 to peer 0x10a69e000 (31 bytes)
1561490454.879694 sending message 104 to peer 0x10a69e000 (0 bytes)
1561490454.879702 sending message 107 to peer 0x10a69e000 (4 bytes)
1561490454.879710 sending message 105 to peer 0x10a69e000 (56 bytes)
1561490454.879718 sending message 105 to peer 0x10a69e000 (26 bytes)
1561490454.879725 sending message 105 to peer 0x10a69e000 (22 bytes)
1561490454.879733 sending message 105 to peer 0x10a69e000 (20 bytes)
1561490454.879740 sending message 105 to peer 0x10a69e000 (14 bytes)
1561490454.879748 sending message 105 to peer 0x10a69e000 (23 bytes)
1561490454.879755 sending message 105 to peer 0x10a69e000 (27 bytes)
1561490454.879763 sending message 105 to peer 0x10a69e000 (44 bytes)
1561490454.879770 sending message 105 to peer 0x10a69e000 (7 bytes)
1561490454.879778 sending message 105 to peer 0x10a69e000 (41 bytes)
1561490454.879786 sending message 105 to peer 0x10a69e000 (15 bytes)
1561490454.879793 sending message 105 to peer 0x10a69e000 (66 bytes)
1561490454.879801 sending message 105 to peer 0x10a69e000 (60 bytes)
1561490454.879808 sending message 105 to peer 0x10a69e000 (54 bytes)
1561490454.879816 sending message 105 to peer 0x10a69e000 (39 bytes)
1561490454.879824 sending message 105 to peer 0x10a69e000 (11 bytes)
1561490454.879831 sending message 105 to peer 0x10a69e000 (37 bytes)
1561490454.879839 sending message 105 to peer 0x10a69e000 (82 bytes)
1561490454.879846 sending message 105 to peer 0x10a69e000 (35 bytes)
1561490454.879854 sending message 105 to peer 0x10a69e000 (15 bytes)
1561490454.879861 sending message 105 to peer 0x10a69e000 (37 bytes)
1561490454.879869 sending message 105 to peer 0x10a69e000 (61 bytes)
1561490454.879876 sending message 105 to peer 0x10a69e000 (19 bytes)
1561490454.879884 sending message 105 to peer 0x10a69e000 (17 bytes)
1561490454.879891 sending message 105 to peer 0x10a69e000 (24 bytes)
1561490454.879899 sending message 105 to peer 0x10a69e000 (23 bytes)
1561490454.879906 sending message 105 to peer 0x10a69e000 (57 bytes)
1561490454.879916 sending message 105 to peer 0x10a69e000 (40 bytes)
1561490454.879923 sending message 105 to peer 0x10a69e000 (40 bytes)
1561490454.879931 sending message 105 to peer 0x10a69e000 (20 bytes)
1561490454.879938 sending message 105 to peer 0x10a69e000 (17 bytes)
1561490454.879946 sending message 105 to peer 0x10a69e000 (11 bytes)
1561490454.879953 sending message 105 to peer 0x10a69e000 (12 bytes)
1561490454.879960 sending message 105 to peer 0x10a69e000 (13 bytes)
1561490454.879968 sending message 105 to peer 0x10a69e000 (15 bytes)
1561490454.879975 sending message 105 to peer 0x10a69e000 (14 bytes)
1561490454.879983 sending message 105 to peer 0x10a69e000 (17 bytes)
1561490454.879991 sending message 105 to peer 0x10a69e000 (8 bytes)
1561490454.879998 sending message 105 to peer 0x10a69e000 (15 bytes)
1561490454.880006 sending message 105 to peer 0x10a69e000 (19 bytes)
1561490454.880013 sending message 105 to peer 0x10a69e000 (199 bytes)
1561490454.880021 sending message 105 to peer 0x10a69e000 (23 bytes)
1561490454.880028 sending message 105 to peer 0x10a69e000 (19 bytes)
1561490454.880036 sending message 105 to peer 0x10a69e000 (76 bytes)
1561490454.880043 sending message 105 to peer 0x10a69e000 (393 bytes)
1561490454.880051 sending message 105 to peer 0x10a69e000 (50 bytes)
1561490454.880058 sending message 105 to peer 0x10a69e000 (19 bytes)
1561490454.880065 sending message 105 to peer 0x10a69e000 (44 bytes)
1561490454.880087 sending message 105 to peer 0x10a69e000 (23 bytes)
1561490454.880092 sending message 105 to peer 0x10a69e000 (43 bytes)
1561490454.880098 sending message 105 to peer 0x10a69e000 (23 bytes)
1561490454.880102 sending message 105 to peer 0x10a69e000 (31 bytes)
1561490454.880107 sending message 105 to peer 0x10a69e000 (22 bytes)
1561490454.880112 sending message 106 to peer 0x10a69e000 (0 bytes)
1561490454.880123 sending message 200 to peer 0x10a69e000 (4 bytes)
1561490454.880128 client loop enter
1561490454.880436 peer 0x10a69e000 message 211
1561490454.880450 client_write: sessions should be nested with care, unset $TMUX to force\n
1561490454.880467 peer 0x10a69e000 message 203
1561490454.880472 client loop exit
